0 info it worked if it ends with ok
1 verbose cli [ '/usr/local/bin/node', '/usr/local/bin/npm', 'start' ]
2 info using npm@3.7.3
3 info using node@v5.8.0
4 verbose run-script [ 'prestart', 'start', 'poststart' ]
5 info lifecycle sc-react-redux@1.0.0~prestart: sc-react-redux@1.0.0
6 silly lifecycle sc-react-redux@1.0.0~prestart: no script for prestart, continuing
7 info lifecycle sc-react-redux@1.0.0~start: sc-react-redux@1.0.0
8 verbose lifecycle sc-react-redux@1.0.0~start: unsafe-perm in lifecycle true
9 verbose lifecycle sc-react-redux@1.0.0~start: PATH: /usr/local/lib/node_modules/npm/bin/node-gyp-bin:/Users/alexdao/Desktop/FullStack_AlexDao/Workshops/ReactProjects/sc-react-redux/node_modules/.bin:/usr/local/bin:/usr/local/bin:/usr/bin:/bin:/usr/sbin:/sbin:/usr/local/bin:/usr/local/sbin:/usr/bin:/bin:/usr/sbin:/sbin:/usr/local/go/bin:/Users/alexdao/Library/Android/sdk/tools:/Users/alexdao/Library/Android/sdk/platform-tools
10 verbose lifecycle sc-react-redux@1.0.0~start: CWD: /Users/alexdao/Desktop/FullStack_AlexDao/Workshops/ReactProjects/sc-react-redux
11 silly lifecycle sc-react-redux@1.0.0~start: Args: [ '-c',
11 silly lifecycle   'webpack-dev-server --progress --colors --hot --config ./webpack.config.js' ]
12 silly lifecycle sc-react-redux@1.0.0~start: Returned: code: 1  signal: null
13 info lifecycle sc-react-redux@1.0.0~start: Failed to exec start script
14 verbose stack Error: sc-react-redux@1.0.0 start: `webpack-dev-server --progress --colors --hot --config ./webpack.config.js`
14 verbose stack Exit status 1
14 verbose stack     at EventEmitter.<anonymous> (/usr/local/lib/node_modules/npm/lib/utils/lifecycle.js:239:16)
14 verbose stack     at emitTwo (events.js:100:13)
14 verbose stack     at EventEmitter.emit (events.js:185:7)
14 verbose stack     at ChildProcess.<anonymous> (/usr/local/lib/node_modules/npm/lib/utils/spawn.js:24:14)
14 verbose stack     at emitTwo (events.js:100:13)
14 verbose stack     at ChildProcess.emit (events.js:185:7)
14 verbose stack     at maybeClose (internal/child_process.js:850:16)
14 verbose stack     at Process.ChildProcess._handle.onexit (internal/child_process.js:215:5)
15 verbose pkgid sc-react-redux@1.0.0
16 verbose cwd /Users/alexdao/Desktop/FullStack_AlexDao/Workshops/ReactProjects/sc-react-redux/src
17 error Darwin 15.2.0
18 error argv "/usr/local/bin/node" "/usr/local/bin/npm" "start"
19 error node v5.8.0
20 error npm  v3.7.3
21 error code ELIFECYCLE
22 error sc-react-redux@1.0.0 start: `webpack-dev-server --progress --colors --hot --config ./webpack.config.js`
22 error Exit status 1
23 error Failed at the sc-react-redux@1.0.0 start script 'webpack-dev-server --progress --colors --hot --config ./webpack.config.js'.
23 error Make sure you have the latest version of node.js and npm installed.
23 error If you do, this is most likely a problem with the sc-react-redux package,
23 error not with npm itself.
23 error Tell the author that this fails on your system:
23 error     webpack-dev-server --progress --colors --hot --config ./webpack.config.js
23 error You can get information on how to open an issue for this project with:
23 error     npm bugs sc-react-redux
23 error Or if that isn't available, you can get their info via:
23 error     npm owner ls sc-react-redux
23 error There is likely additional logging output above.
24 verbose exit [ 1, true ]
